13:53:10(I) 7 triples read (7000 tr/s avg)
13:53:17(I) 1896 triples read (26704 tr/s avg)
14:12:42(I) 40603868 triples read (34708 tr/s avg)
14:12:43(I) 33049205 triples read (28204 tr/s avg)
14:16:31(I) 36477488 triples read (26059 tr/s avg)
14:26:44(I) 161019183 triples read (79987 tr/s avg)
14:58:41(I) 2788992097 triples read (709144 tr/s avg)
15:03:02(I) 114498016 triples read (27360 tr/s avg)
15:03:02(I) 769671526 triples written (183529 tr/s avg)
15:03:02(I) Done in 4194 s

15:09:56(I) 769671526 triples read (1865174 tr/s avg)
15:09:56(I) Found 29000 classes (28908 defined)
15:09:56(I) Found 8666 properties (2505 defined)
15:09:56(I) Found language classes: owl:AnnotationProperty owl:Class owl:DatatypeProperty owl:FunctionalProperty owl:InverseFunctionalProperty owl:ObjectProperty owl:Ontology owl:Restriction owl:SymmetricProperty owl:TransitiveProperty rdf:Property rdfs:Class rdfs:Datatype
15:09:56(I) Found language properties: owl:cardinality owl:disjointWith owl:equivalentClass owl:equivalentProperty owl:hasValue owl:inverseOf owl:maxCardinality owl:onProperty owl:propertyChainAxiom owl:unionOf rdf:first rdf:rest rdfs:domain rdfs:range rdfs:subClassOf rdfs:subPropertyOf
15:09:56(I) Found undefined vocabularies:
- http://creativecommons.org/ns#
- http://dbpedia.org/ontology/
- http://id.loc.gov/vocabulary/relators/
- http://nl.dbpedia.org/resource/
- http://purl.org/dc/dcam/
- http://purl.org/dc/elements/1.1/
- http://purl.org/vocab/vann/
- http://rdf.freebase.com/ns/
- http://schema.org/
- http://www.geonames.org/ontology#
- http://www.w3.org/2000/01/rdf-schema#
- http://www.w3.org/2002/07/owl#
- http://www.w3.org/2004/02/skos/core#
- http://www.w3.org/ns/adms#
15:09:56(I) 149650 triples written (362 tr/s avg)
15:09:56(I) Done in 412 s

13:58:27(I) Pass 1 of 2 
14:05:27(I) 769671526 triples read (1837244 tr/s avg) 
14:05:56(I) owl:sameAs normalization: 37824897 resource(s), 7947561 cluster(s), 3.970 collisions/lookup, 2070MB buffered  
14:05:56(I) Pass 2 of 2 
14:36:12(I) 769671526 triples read (423792 tr/s avg) 
14:36:12(I) 799755339 triples written (440357 tr/s avg) 
14:36:13(I) Done in 2265 s 

14:41:32(I) 149650 TBox triples read (389713 tr/s avg) 
15:44:32(I) 799755339 triples read (211644 tr/s avg) 
15:44:33(I) 1690704128 triples written (447291 tr/s avg) 
15:44:34(I) Done in 3780 s 

17:10:12(I) 1690704128 triples read (751625 tr/s avg) 
17:10:12(I) 1690704128 records to sort (751626 rec/s avg) 
17:43:36(I) 1027150972 records from sort (519506 rec/s avg) 
17:43:36(I) 964179957 triples written (487664 tr/s avg) 
17:43:36(I) Done in 4254 s 

17:48:31(I) 149650 triples read (262084 tr/s avg)
18:21:21(I) 964179957 triples read (489368 tr/s avg) 
18:21:21(I) 1634565966 records to sort (829640 rec/s avg) 
18:31:45(I) 1283324379 records from sort (2108958 rec/s avg) 
18:31:46(I) 297867 triples written (114 tr/s avg) 
18:31:46(I) Done in 2595 s 


-rw-r--r--  1 corcoglio dkm_sec  9511455269 Jan 27 17:43 dataset.tql.gz
-rw-r--r--  1 corcoglio dkm_sec 10350542495 Jan 26 20:46 filtered.tql.gz
-rw-r--r--  1 corcoglio dkm_sec 16655132884 Jan 27 15:44 inferred.tql.gz
-rw-r--r--  1 corcoglio dkm_sec 11049733537 Jan 27 14:36 smushed.tql.gz
-rw-r--r--  1 corcoglio dkm_sec     3390328 Jan 27 18:31 statistics.tql.gz
-rw-r--r--  1 corcoglio dkm_sec     1335279 Jan 26 20:46 tbox.tql.gz
